\BOOKMARK [1][-]{section.1}{Introducci\363n}{}% 1
\BOOKMARK [1][-]{section.2}{Ejercicio 1}{}% 2
\BOOKMARK [2][-]{subsection.2.1}{Variables}{section.2}% 3
\BOOKMARK [2][-]{subsection.2.2}{Dominio de las variables}{section.2}% 4
\BOOKMARK [2][-]{subsection.2.3}{Restricciones}{section.2}% 5
\BOOKMARK [2][-]{subsection.2.4}{Resultado}{section.2}% 6
\BOOKMARK [1][-]{section.3}{Ejercicio 2}{}% 7
\BOOKMARK [2][-]{subsection.3.1}{Variables}{section.3}% 8
\BOOKMARK [2][-]{subsection.3.2}{Dominio de las variables}{section.3}% 9
\BOOKMARK [2][-]{subsection.3.3}{Restricciones}{section.3}% 10
\BOOKMARK [2][-]{subsection.3.4}{Resultado}{section.3}% 11
\BOOKMARK [1][-]{section.4}{Ejercicio 3}{}% 12
\BOOKMARK [2][-]{subsection.4.1}{Variables}{section.4}% 13
\BOOKMARK [2][-]{subsection.4.2}{Dominio de las variables}{section.4}% 14
\BOOKMARK [2][-]{subsection.4.3}{Restricciones}{section.4}% 15
\BOOKMARK [2][-]{subsection.4.4}{Resultado}{section.4}% 16
\BOOKMARK [1][-]{section.5}{Ejercicio 4}{}% 17
\BOOKMARK [2][-]{subsection.5.1}{Variables}{section.5}% 18
\BOOKMARK [2][-]{subsection.5.2}{Dominio de las variables}{section.5}% 19
\BOOKMARK [2][-]{subsection.5.3}{Restricciones}{section.5}% 20
\BOOKMARK [2][-]{subsection.5.4}{Resultado}{section.5}% 21
\BOOKMARK [1][-]{section.6}{Ejercicio 5}{}% 22
\BOOKMARK [2][-]{subsection.6.1}{Variables}{section.6}% 23
\BOOKMARK [2][-]{subsection.6.2}{Dominio de las variables}{section.6}% 24
\BOOKMARK [2][-]{subsection.6.3}{Restricciones}{section.6}% 25
\BOOKMARK [2][-]{subsection.6.4}{Resultado}{section.6}% 26
\BOOKMARK [1][-]{section.7}{Ejercicio 6}{}% 27
\BOOKMARK [2][-]{subsection.7.1}{Variables}{section.7}% 28
\BOOKMARK [2][-]{subsection.7.2}{Dominio de las variables}{section.7}% 29
\BOOKMARK [2][-]{subsection.7.3}{Restricciones}{section.7}% 30
\BOOKMARK [2][-]{subsection.7.4}{Resultado}{section.7}% 31
\BOOKMARK [1][-]{section.8}{Ejercicio 7}{}% 32
\BOOKMARK [2][-]{subsection.8.1}{Variables}{section.8}% 33
\BOOKMARK [2][-]{subsection.8.2}{Dominio de las variables}{section.8}% 34
\BOOKMARK [2][-]{subsection.8.3}{Restricciones}{section.8}% 35
\BOOKMARK [2][-]{subsection.8.4}{Resultado}{section.8}% 36
\BOOKMARK [1][-]{section.9}{Ejercicio 10}{}% 37
\BOOKMARK [2][-]{subsection.9.1}{Variables}{section.9}% 38
\BOOKMARK [2][-]{subsection.9.2}{Dominio de las variables}{section.9}% 39
\BOOKMARK [2][-]{subsection.9.3}{Restricciones}{section.9}% 40
\BOOKMARK [2][-]{subsection.9.4}{Resultado}{section.9}% 41
